TN:
SF:src/conf/databases.js
FNF:0
FNH:0
DA:2,1
DA:3,1
DA:4,1
DA:6,1
DA:13,1
DA:20,1
DA:27,1
DA:34,1
LF:8
LH:8
BRF:0
BRH:0
end_of_record
TN:
SF:src/conf/jwt.js
FNF:0
FNH:0
DA:1,1
DA:2,1
DA:3,1
DA:4,1
LF:4
LH:4
BRF:0
BRH:0
end_of_record
TN:
SF:src/conf/keys.js
FNF:0
FNH:0
DA:1,1
DA:2,1
LF:2
LH:2
BRF:0
BRH:0
end_of_record
TN:
SF:src/lib/database.js
FN:9,(anonymous_0)
FN:14,(anonymous_1)
FN:19,(anonymous_2)
FN:25,(anonymous_3)
FN:26,(anonymous_4)
FN:67,(anonymous_5)
FN:75,(anonymous_6)
FN:79,(anonymous_7)
FNF:8
FNH:6
FNDA:2,(anonymous_0)
FNDA:2,(anonymous_1)
FNDA:0,(anonymous_2)
FNDA:2,(anonymous_3)
FNDA:2,(anonymous_4)
FNDA:2,(anonymous_5)
FNDA:0,(anonymous_6)
FNDA:2,(anonymous_7)
DA:6,1
DA:10,2
DA:11,2
DA:15,2
DA:16,2
DA:20,0
DA:21,0
DA:22,0
DA:26,2
DA:28,2
DA:30,0
DA:33,0
DA:34,0
DA:35,0
DA:37,0
DA:38,0
DA:39,0
DA:41,0
DA:42,0
DA:43,0
DA:45,0
DA:46,0
DA:47,0
DA:52,0
DA:53,0
DA:54,0
DA:57,2
DA:59,2
DA:60,2
DA:69,2
DA:76,0
DA:81,2
DA:82,2
DA:83,2
DA:85,2
LF:35
LH:15
BRDA:28,0,0,0
BRDA:28,0,1,2
BRDA:30,1,0,0
BRDA:30,1,1,0
BRDA:30,1,2,0
BRDA:30,1,3,0
BRDA:57,2,0,2
BRDA:57,2,1,0
BRDA:81,3,0,2
BRDA:81,3,1,0
BRF:10
BRH:3
end_of_record
TN:
SF:src/lib/encrypt.js
FN:6,(anonymous_0)
FN:10,(anonymous_1)
FN:14,(anonymous_2)
FN:22,(anonymous_3)
FN:26,(anonymous_4)
FNF:5
FNH:3
FNDA:1,(anonymous_0)
FNDA:0,(anonymous_1)
FNDA:3,(anonymous_2)
FNDA:0,(anonymous_3)
FNDA:1,(anonymous_4)
DA:7,1
DA:11,0
DA:15,3
DA:23,0
DA:27,1
DA:28,1
LF:6
LH:4
BRDA:27,0,0,1
BRDA:27,0,1,0
BRF:2
BRH:1
end_of_record
TN:
SF:src/lib/httpCodes.js
FNF:0
FNH:0
DA:1,1
DA:2,1
DA:3,1
DA:4,1
DA:5,1
LF:5
LH:5
BRF:0
BRH:0
end_of_record
TN:
SF:src/lib/mapper.js
FN:5,(anonymous_0)
FN:9,(anonymous_1)
FNF:2
FNH:2
FNDA:3,(anonymous_0)
FNDA:11,(anonymous_1)
DA:6,3
DA:12,11
DA:15,11
DA:17,11
DA:20,11
DA:23,9
DA:28,2
DA:29,2
LF:8
LH:8
BRF:0
BRH:0
end_of_record
TN:
SF:src/lib/sleep.js
FN:1,sleep
FN:2,(anonymous_1)
FNF:2
FNH:0
FNDA:0,sleep
FNDA:0,(anonymous_1)
DA:2,0
DA:3,0
LF:2
LH:0
BRF:0
BRH:0
end_of_record
TN:
SF:src/lib/validator.js
FN:1,(anonymous_0)
FN:7,(anonymous_1)
FN:13,(anonymous_2)
FN:20,(anonymous_3)
FN:26,(anonymous_4)
FN:32,(anonymous_5)
FN:38,(anonymous_6)
FN:45,(anonymous_7)
FN:53,(anonymous_8)
FN:63,(anonymous_9)
FNF:10
FNH:4
FNDA:4,(anonymous_0)
FNDA:0,(anonymous_1)
FNDA:0,(anonymous_2)
FNDA:4,(anonymous_3)
FNDA:0,(anonymous_4)
FNDA:0,(anonymous_5)
FNDA:0,(anonymous_6)
FNDA:0,(anonymous_7)
FNDA:15,(anonymous_8)
FNDA:37,(anonymous_9)
DA:1,1
DA:3,4
DA:7,1
DA:8,0
DA:9,0
DA:10,0
DA:13,1
DA:15,0
DA:16,0
DA:17,0
DA:20,1
DA:22,4
DA:26,1
DA:28,0
DA:32,1
DA:33,0
DA:34,0
DA:35,0
DA:38,1
DA:40,0
DA:41,0
DA:42,0
DA:45,1
DA:46,0
DA:47,0
DA:48,0
DA:50,0
DA:53,1
DA:56,15
DA:57,15
DA:60,15
DA:63,15
DA:64,37
DA:65,37
DA:66,35
DA:70,15
DA:71,0
DA:75,15
DA:76,2
DA:80,13
DA:81,0
LF:41
LH:22
BRDA:3,0,0,0
BRDA:3,0,1,4
BRDA:8,1,0,0
BRDA:8,1,1,0
BRDA:9,2,0,0
BRDA:9,2,1,0
BRDA:9,3,0,0
BRDA:9,3,1,0
BRDA:13,4,0,0
BRDA:15,5,0,0
BRDA:15,5,1,0
BRDA:16,6,0,0
BRDA:16,6,1,0
BRDA:22,7,0,0
BRDA:22,7,1,4
BRDA:28,8,0,0
BRDA:28,8,1,0
BRDA:34,9,0,0
BRDA:34,9,1,0
BRDA:41,10,0,0
BRDA:41,10,1,0
BRDA:50,11,0,0
BRDA:50,11,1,0
BRDA:50,12,0,0
BRDA:50,12,1,0
BRDA:64,13,0,0
BRDA:64,13,1,37
BRDA:65,14,0,2
BRDA:65,14,1,35
BRDA:70,15,0,0
BRDA:70,15,1,15
BRDA:70,16,0,15
BRDA:70,16,1,13
BRDA:75,17,0,2
BRDA:75,17,1,13
BRDA:75,18,0,15
BRDA:75,18,1,2
BRDA:80,19,0,0
BRDA:80,19,1,13
BRF:39
BRH:13
end_of_record
TN:
SF:src/models/controller.js
FN:5,(anonymous_0)
FNF:1
FNH:1
FNDA:1,(anonymous_0)
DA:6,1
DA:7,1
DA:8,1
LF:3
LH:3
BRF:0
BRH:0
end_of_record
TN:
SF:src/models/repository.js
FN:5,(anonymous_0)
FNF:1
FNH:1
FNDA:2,(anonymous_0)
DA:6,2
DA:7,2
DA:8,2
LF:3
LH:3
BRF:0
BRH:0
end_of_record
TN:
SF:src/models/request.js
FN:3,(anonymous_0)
FN:8,(anonymous_1)
FN:12,(anonymous_2)
FNF:3
FNH:2
FNDA:7,(anonymous_0)
FNDA:4,(anonymous_1)
FNDA:0,(anonymous_2)
DA:4,7
DA:5,7
DA:9,4
DA:13,0
LF:4
LH:3
BRF:0
BRH:0
end_of_record
TN:
SF:src/models/service.js
FN:5,(anonymous_0)
FNF:1
FNH:1
FNDA:2,(anonymous_0)
DA:6,2
DA:7,2
DA:8,2
DA:9,2
LF:4
LH:4
BRF:0
BRH:0
end_of_record
TN:
SF:src/modules/auth/models/dto.in.js
FNF:0
FNH:0
DA:1,1
DA:6,1
DA:11,1
DA:17,1
LF:4
LH:4
BRF:0
BRH:0
end_of_record
TN:
SF:src/modules/auth/models/dto.out.js
FNF:0
FNH:0
DA:1,1
DA:7,1
LF:2
LH:2
BRF:0
BRH:0
end_of_record
TN:
SF:src/modules/auth/repository/auth.js
FN:6,(anonymous_0)
FN:10,(anonymous_1)
FN:19,(anonymous_2)
FN:29,(anonymous_3)
FNF:4
FNH:4
FNDA:1,(anonymous_0)
FNDA:2,(anonymous_1)
FNDA:3,(anonymous_2)
FNDA:1,(anonymous_3)
DA:7,1
DA:11,2
DA:16,2
DA:20,3
DA:26,3
DA:30,1
DA:34,1
LF:7
LH:7
BRF:0
BRH:0
end_of_record
TN:
SF:src/modules/auth/services/auth.js
FN:20,(anonymous_0)
FN:33,(anonymous_1)
FN:42,(anonymous_2)
FN:46,(anonymous_3)
FN:58,(anonymous_4)
FN:62,(anonymous_5)
FN:76,(anonymous_6)
FN:91,(anonymous_7)
FN:113,(anonymous_8)
FN:122,(anonymous_9)
FN:134,(anonymous_10)
FN:164,(anonymous_11)
FNF:12
FNH:12
FNDA:1,(anonymous_0)
FNDA:5,(anonymous_1)
FNDA:3,(anonymous_2)
FNDA:2,(anonymous_3)
FNDA:2,(anonymous_4)
FNDA:4,(anonymous_5)
FNDA:3,(anonymous_6)
FNDA:3,(anonymous_7)
FNDA:4,(anonymous_8)
FNDA:4,(anonymous_9)
FNDA:2,(anonymous_10)
FNDA:1,(anonymous_11)
DA:21,1
DA:29,1
DA:30,1
DA:34,5
DA:43,3
DA:49,2
DA:50,2
DA:53,2
DA:55,2
DA:59,2
DA:65,4
DA:68,4
DA:69,4
DA:70,2
DA:73,4
DA:79,3
DA:80,3
DA:83,3
DA:86,3
DA:87,3
DA:89,3
DA:91,3
DA:92,3
DA:93,3
DA:94,3
DA:95,3
DA:99,2
DA:102,2
DA:103,0
DA:106,2
DA:109,1
DA:116,4
DA:117,4
DA:119,4
DA:122,4
DA:123,4
DA:124,4
DA:125,4
DA:129,3
DA:131,3
DA:134,2
DA:135,2
DA:136,2
DA:138,2
DA:139,2
DA:140,2
DA:144,2
DA:145,2
DA:148,2
DA:152,1
DA:153,1
DA:156,3
DA:159,1
DA:167,1
DA:168,1
DA:170,1
DA:173,1
DA:175,1
LF:58
LH:57
BRDA:69,0,0,2
BRDA:69,0,1,2
BRDA:102,1,0,0
BRDA:102,1,1,2
BRDA:131,2,0,2
BRDA:131,2,1,1
BRF:6
BRH:5
end_of_record
TN:
SF:src/modules/users/controller/user.js
FN:10,(anonymous_0)
FN:14,(anonymous_1)
FN:15,(anonymous_2)
FN:36,(anonymous_3)
FN:37,(anonymous_4)
FN:58,(anonymous_5)
FN:59,(anonymous_6)
FN:87,(anonymous_7)
FN:115,(anonymous_8)
FN:116,(anonymous_9)
FNF:10
FNH:4
FNDA:1,(anonymous_0)
FNDA:0,(anonymous_1)
FNDA:0,(anonymous_2)
FNDA:0,(anonymous_3)
FNDA:0,(anonymous_4)
FNDA:4,(anonymous_5)
FNDA:4,(anonymous_6)
FNDA:2,(anonymous_7)
FNDA:0,(anonymous_8)
FNDA:0,(anonymous_9)
DA:11,1
DA:15,0
DA:18,0
DA:20,0
DA:22,0
DA:23,0
DA:26,0
DA:27,0
DA:28,0
DA:31,0
DA:32,0
DA:37,0
DA:40,0
DA:42,0
DA:43,0
DA:44,0
DA:47,0
DA:48,0
DA:49,0
DA:52,0
DA:54,0
DA:59,4
DA:62,4
DA:65,4
DA:67,4
DA:68,4
DA:69,4
DA:73,0
DA:74,0
DA:75,0
DA:80,4
DA:82,4
DA:85,2
DA:87,2
DA:88,2
DA:95,2
DA:96,2
DA:100,0
DA:101,0
DA:105,2
DA:106,2
DA:107,2
DA:109,2
DA:116,0
DA:119,0
DA:122,0
DA:124,0
DA:128,0
DA:129,0
DA:130,0
DA:135,0
DA:137,0
DA:143,1
LF:53
LH:19
BRDA:54,0,0,0
BRDA:54,0,1,0
BRDA:82,1,0,2
BRDA:82,1,1,2
BRDA:105,2,0,2
BRDA:105,2,1,0
BRF:6
BRH:3
end_of_record
TN:
SF:src/modules/users/models/user/dto.in.js
FNF:0
FNH:0
DA:1,1
DA:5,1
DA:10,1
LF:3
LH:3
BRF:0
BRH:0
end_of_record
TN:
SF:src/modules/users/models/user/dto.out.js
FNF:0
FNH:0
DA:1,1
LF:1
LH:1
BRF:0
BRH:0
end_of_record
TN:
SF:src/modules/users/repository/user.js
FN:6,(anonymous_0)
FN:10,(anonymous_1)
FN:17,(anonymous_2)
FN:24,(anonymous_3)
FN:32,(anonymous_4)
FN:37,(anonymous_5)
FN:42,(anonymous_6)
FN:54,(anonymous_7)
FN:63,(anonymous_8)
FN:71,(anonymous_9)
FN:80,(anonymous_10)
FN:94,(anonymous_11)
FNF:12
FNH:2
FNDA:1,(anonymous_0)
FNDA:0,(anonymous_1)
FNDA:0,(anonymous_2)
FNDA:0,(anonymous_3)
FNDA:4,(anonymous_4)
FNDA:0,(anonymous_5)
FNDA:0,(anonymous_6)
FNDA:0,(anonymous_7)
FNDA:0,(anonymous_8)
FNDA:0,(anonymous_9)
FNDA:0,(anonymous_10)
FNDA:0,(anonymous_11)
DA:7,1
DA:11,0
DA:14,0
DA:18,0
DA:21,0
DA:25,0
DA:29,0
DA:33,4
DA:34,4
DA:38,0
DA:39,0
DA:43,0
DA:51,0
DA:55,0
DA:60,0
DA:64,0
DA:68,0
DA:72,0
DA:77,0
DA:81,0
DA:91,0
DA:96,0
DA:100,0
LF:23
LH:3
BRDA:6,0,0,1
BRDA:96,1,0,0
BRDA:96,1,1,0
BRF:3
BRH:1
end_of_record
TN:
SF:src/modules/users/service/user.js
FN:8,(anonymous_0)
FN:17,(anonymous_1)
FN:39,(anonymous_2)
FN:59,(anonymous_3)
FN:79,(anonymous_4)
FN:99,(anonymous_5)
FN:122,(anonymous_6)
FN:152,(anonymous_7)
FN:180,(anonymous_8)
FN:198,(anonymous_9)
FN:219,(anonymous_10)
FNF:11
FNH:3
FNDA:1,(anonymous_0)
FNDA:0,(anonymous_1)
FNDA:0,(anonymous_2)
FNDA:4,(anonymous_3)
FNDA:0,(anonymous_4)
FNDA:4,(anonymous_5)
FNDA:0,(anonymous_6)
FNDA:0,(anonymous_7)
FNDA:0,(anonymous_8)
FNDA:0,(anonymous_9)
FNDA:0,(anonymous_10)
DA:9,1
DA:14,1
DA:20,0
DA:21,0
DA:26,0
DA:27,0
DA:30,0
DA:32,0
DA:33,0
DA:36,0
DA:42,0
DA:43,0
DA:46,0
DA:49,0
DA:50,0
DA:52,0
DA:53,0
DA:56,0
DA:62,4
DA:63,4
DA:66,4
DA:69,4
DA:71,1
DA:72,1
DA:75,4
DA:82,0
DA:83,0
DA:86,0
DA:89,0
DA:91,0
DA:92,0
DA:95,0
DA:102,4
DA:105,4
DA:107,3
DA:108,0
DA:109,0
DA:110,0
DA:111,3
DA:112,1
DA:113,1
DA:114,1
DA:119,4
DA:125,0
DA:126,0
DA:129,0
DA:132,0
DA:133,0
DA:134,0
DA:138,0
DA:141,0
DA:142,0
DA:143,0
DA:147,0
DA:149,0
DA:155,0
DA:156,0
DA:159,0
DA:160,0
DA:163,0
DA:166,0
DA:169,0
DA:170,0
DA:172,0
DA:173,0
DA:176,0
DA:183,0
DA:184,0
DA:187,0
DA:189,0
DA:190,0
DA:191,0
DA:194,0
DA:201,0
DA:202,0
DA:205,0
DA:208,0
DA:209,0
DA:210,0
DA:212,0
DA:215,0
DA:222,0
DA:223,0
DA:226,0
DA:229,0
DA:231,0
LF:86
LH:17
BRDA:8,0,0,1
BRDA:8,1,0,1
BRDA:26,2,0,0
BRDA:26,2,1,0
BRDA:30,3,0,0
BRDA:30,3,1,0
BRDA:32,4,0,0
BRDA:32,4,1,0
BRDA:49,5,0,0
BRDA:49,5,1,0
BRDA:50,6,0,0
BRDA:50,6,1,0
BRDA:69,7,0,3
BRDA:69,7,1,1
BRDA:89,8,0,0
BRDA:89,8,1,0
BRDA:105,9,0,3
BRDA:105,9,1,1
BRDA:107,10,0,0
BRDA:107,10,1,3
BRDA:111,11,0,1
BRDA:111,11,1,2
BRDA:132,12,0,0
BRDA:132,12,1,0
BRDA:141,13,0,0
BRDA:141,13,1,0
BRDA:160,14,0,0
BRDA:160,14,1,0
BRDA:169,15,0,0
BRDA:169,15,1,0
BRDA:189,16,0,0
BRDA:189,16,1,0
BRDA:208,17,0,0
BRDA:208,17,1,0
BRF:34
BRH:9
end_of_record
